Build started 2015-05-29 13:03:41.
     1>Project "C:\Users\Patrik Rene'\Documents\GitHub\Windows-Forms\WindowsFormApplication1\WindowsFormApplication1.vcxproj" on node 2 (Build target(s)).
     1>ClCompile:
         C:\Program Files (x86)\VC\bin\CL.exe /c /AI"C:\Program Files (x86)\Reference Assemblies\Microsoft\Framework\.NETFramework\v4.5\\" /AI"C:\Program Files (x86)\Windows Kits\8.1\References\CommonConfiguration\Neutral" /AI"C:\Program Files (x86)\Reference Assemblies\Microsoft\Framework\.NETFramework\v4.5\Facades\\" /Zi /clr:pure /nologo /W3 /WX- /Od /Oy- /D WIN32 /D _DEBUG /D _UNICODE /D UNICODE /EHa /MDd /GS /fp:precise /Zc:wchar_t /Zc:forScope /Yu"stdafx.h" /Fp"Debug\WindowsFormApplication1.pch" /Fo"Debug\\" /Fd"Debug\vc120.pdb" /TP /FU"C:\Program Files (x86)\Reference Assemblies\Microsoft\Framework\.NETFramework\v4.5\mscorlib.dll" /FU"C:\Program Files (x86)\Reference Assemblies\Microsoft\Framework\.NETFramework\v4.5\System.Data.dll" /FU"C:\Program Files (x86)\Reference Assemblies\Microsoft\Framework\.NETFramework\v4.5\System.dll" /FU"C:\Program Files (x86)\Reference Assemblies\Microsoft\Framework\.NETFramework\v4.5\System.Drawing.dll" /FU"C:\Program Files (x86)\Reference Assemblies\Microsoft\Framework\.NETFramework\v4.5\System.Windows.Forms.dll" /FU"C:\Program Files (x86)\Reference Assemblies\Microsoft\Framework\.NETFramework\v4.5\System.Xml.dll" /analyze- /errorReport:prompt /clr:nostdlib "..\..\..\..\..\Patrik Rene'\Documents\GitHub\Windows-Forms\WindowsFormApplication1\MyForm.cpp" WindowsFormApplication1.cpp
         MyForm.cpp
         WindowsFormApplication1.cpp
         Generating Code...
       Link:
         C:\Program Files (x86)\VC\bin\link.exe /ERRORREPORT:PROMPT /OUT:"C:\Users\Patrik Rene'\Documents\GitHub\Windows-Forms\Debug\WindowsFormApplication1.exe" /INCREMENTAL /NOLOGO /ASSEMBLYRESOURCE:Debug\WindowsFormApplication1.MyForm.resources /ASSEMBLYRESOURCE:Debug\WindowsFormApplication1.MyForm1.resources /ASSEMBLYRESOURCE:Debug\WindowsFormApplication1.MyForm2.resources /ASSEMBLYRESOURCE:Debug\WindowsFormApplication1.MyForm3.resources /ASSEMBLYRESOURCE:Debug\WindowsFormApplication1.MyForm4.resources /ASSEMBLYRESOURCE:Debug\WindowsFormApplication1.MyForm5.resources /ASSEMBLYRESOURCE:Debug\WindowsFormApplication1.Form1.resources /MANIFEST /MANIFESTUAC:"level='asInvoker' uiAccess='false'" /manifest:embed /DEBUG /PDB:"C:\Users\Patrik Rene'\Documents\GitHub\Windows-Forms\Debug\WindowsFormApplication1.pdb" /ASSEMBLYDEBUG /SUBSYSTEM:WINDOWS /TLBID:1 /ENTRY:"main" /DYNAMICBASE /FIXED:NO /NXCOMPAT /MACHINE:X86 Debug\app.res
         Debug\MyForm.obj
         Debug\MyForm1.obj
         Debug\MyForm2.obj
         Debug\MyForm3.obj
         Debug\MyForm4.obj
         Debug\MyForm5.obj
         Debug\AssemblyInfo.obj
         Debug\stdafx.obj
         Debug\WindowsFormApplication1.obj
         "Debug\.NETFramework,Version=v4.5.AssemblyAttributes.obj"
         WindowsFormApplication1.vcxproj -> C:\Users\Patrik Rene'\Documents\GitHub\Windows-Forms\Debug\WindowsFormApplication1.exe
     1>Done Building Project "C:\Users\Patrik Rene'\Documents\GitHub\Windows-Forms\WindowsFormApplication1\WindowsFormApplication1.vcxproj" (Build target(s)).

Build succeeded.

Time Elapsed 00:00:02.63
